<?xml version="1.0" encoding="UTF-8"?>
<testng-results ignored="0" total="1" passed="1" failed="0" skipped="0">
  <reporter-output>
  </reporter-output>
  <suite started-at="2024-06-26T16:03:15 IST" name="Default suite" finished-at="2024-06-26T16:03:37 IST" duration-ms="22093">
    <groups>
    </groups>
    <test started-at="2024-06-26T16:03:15 IST" name="Default test" finished-at="2024-06-26T16:03:37 IST" duration-ms="22093">
      <class name="com.saucedemo.testCases.CheckOutTest">
        <test-method is-config="true" signature="setup()[pri:0, instance:com.saucedemo.testCases.CheckOutTest@402c4085]" started-at="2024-06-26T16:03:16 IST" name="setup" finished-at="2024-06-26T16:03:30 IST" duration-ms="14505" status="PASS">
          <reporter-output>
          </reporter-output>
        </test-method> <!-- setup -->
        <test-method signature="testCheckout()[pri:0, instance:com.saucedemo.testCases.CheckOutTest@402c4085]" started-at="2024-06-26T16:03:30 IST" name="testCheckout" finished-at="2024-06-26T16:03:37 IST" duration-ms="7366" status="PASS">
          <reporter-output>
          </reporter-output>
        </test-method> <!-- testCheckout -->
        <test-method is-config="true" signature="afterEachTestMethod()[pri:0, instance:com.saucedemo.testCases.CheckOutTest@402c4085]" started-at="2024-06-26T16:03:37 IST" name="afterEachTestMethod" finished-at="2024-06-26T16:03:37 IST" duration-ms="59" status="PASS">
          <reporter-output>
          </reporter-output>
        </test-method> <!-- afterEachTestMethod -->
        <test-method is-config="true" signature="tearDown()[pri:0, instance:com.saucedemo.testCases.CheckOutTest@402c4085]" started-at="2024-06-26T16:03:37 IST" name="tearDown" finished-at="2024-06-26T16:03:37 IST" duration-ms="1" status="PASS">
          <reporter-output>
          </reporter-output>
        </test-method> <!-- tearDown -->
      </class> <!-- com.saucedemo.testCases.CheckOutTest -->
    </test> <!-- Default test -->
  </suite> <!-- Default suite -->
</testng-results>
